[2026-04-23T04:12:39.944487+00:00] instagram: scraping https://www.instagram.com/azafashions/ via Apify
[2026-04-23T04:13:10.609909+00:00] instagram: scraped 9 items
[2026-04-23T04:13:10.610186+00:00] instagram: classifying 9 new/changed items
[2026-04-23T04:13:17.866518+00:00] facebook: scraping https://www.facebook.com/AzaFashions/ via Apify
[2026-04-23T04:14:00.594455+00:00] facebook: scraped 3 items
[2026-04-23T04:14:00.594743+00:00] facebook: classifying 3 new/changed items
[2026-04-23T04:14:03.264277+00:00] aggregate: index.json written
[2026-04-23T07:24:16.389594+00:00] instagram: scraping https://www.instagram.com/azafashions/ via Apify
[2026-04-23T07:24:53.565264+00:00] instagram: scraped 100 items
[2026-04-23T07:24:53.565609+00:00] instagram: classifying 91 new/changed items
[2026-04-23T07:25:51.828760+00:00] facebook: scraping https://www.facebook.com/AzaFashions/ via Apify
[2026-04-23T07:26:07.673078+00:00] facebook: FAILED — cannot access local variable 'run_input' where it is not associated with a value
Traceback (most recent call last):
  File "/home/runner/work/listenv1/listenv1/run.py", line 31, in run_platform
    items = runner(url)
            ^^^^^^^^^^^
  File "/home/runner/work/listenv1/listenv1/scrapers/facebook.py", line 82, in run_sync
    return _scrape_comments_for_posts(client, urls, handle)
           ^^^^^^^^^^^^^^^^^^^^^^^^^^^^^^^^^^^^^^^^^^^^^^^^
  File "/home/runner/work/listenv1/listenv1/scrapers/facebook.py", line 45, in _scrape_comments_for_posts
    run_input=run_input, timeout_secs=TIMEOUT_SECS
              ^^^^^^^^^
UnboundLocalError: cannot access local variable 'run_input' where it is not associated with a value

[2026-04-23T07:26:07.675473+00:00] aggregate: index.json written
[2026-04-23T10:15:40.652860+00:00] instagram: scraping https://www.instagram.com/azafashions/ via Apify
[2026-04-23T10:16:52.657637+00:00] instagram: scraped 96 items
[2026-04-23T10:16:52.658454+00:00] instagram: classifying 0 new/changed items
[2026-04-23T10:16:52.660516+00:00] facebook: scraping https://www.facebook.com/AzaFashions/ via Apify
[2026-04-23T10:17:11.638726+00:00] facebook: FAILED — cannot access local variable 'run_input' where it is not associated with a value
Traceback (most recent call last):
  File "/home/runner/work/listenv1/listenv1/run.py", line 38, in run_platform
    items = runner(url_or_terms)
            ^^^^^^^^^^^^^^^^^^^^
  File "/home/runner/work/listenv1/listenv1/scrapers/facebook.py", line 82, in run_sync
    return _scrape_comments_for_posts(client, urls, handle)
           ^^^^^^^^^^^^^^^^^^^^^^^^^^^^^^^^^^^^^^^^^^^^^^^^
  File "/home/runner/work/listenv1/listenv1/scrapers/facebook.py", line 45, in _scrape_comments_for_posts
    run_input=run_input, timeout_secs=TIMEOUT_SECS
              ^^^^^^^^^
UnboundLocalError: cannot access local variable 'run_input' where it is not associated with a value

[2026-04-23T10:17:11.638855+00:00] reddit: scraping with terms=['Aza Fashions', 'AzaFashions', 'azafashions.com'] via Apify
[2026-04-23T10:19:33.344586+00:00] reddit: scraped 6 raw items
[2026-04-23T10:19:42.813766+00:00] reddit: 5 items after filter
[2026-04-23T10:19:42.813849+00:00] reddit: classifying 5 new/changed items
[2026-04-23T10:19:47.707422+00:00] aggregate: index.json written
[2026-04-23T10:54:23.675645+00:00] instagram: scraping https://www.instagram.com/azafashions/ via Apify
[2026-04-23T10:56:09.691625+00:00] instagram: scraped 0 items
[2026-04-23T10:56:09.691811+00:00] facebook: scraping https://www.facebook.com/AzaFashions/ via Apify
[2026-04-23T10:56:25.437878+00:00] facebook: FAILED — cannot access local variable 'run_input' where it is not associated with a value
Traceback (most recent call last):
  File "/home/runner/work/listenv1/listenv1/run.py", line 38, in run_platform
    items = runner(url_or_terms)
            ^^^^^^^^^^^^^^^^^^^^
  File "/home/runner/work/listenv1/listenv1/scrapers/facebook.py", line 83, in run_sync
    return _scrape_comments_for_posts(client, urls, handle)
           ^^^^^^^^^^^^^^^^^^^^^^^^^^^^^^^^^^^^^^^^^^^^^^^^
  File "/home/runner/work/listenv1/listenv1/scrapers/facebook.py", line 46, in _scrape_comments_for_posts
    run_input=run_input, timeout_secs=TIMEOUT_SECS
              ^^^^^^^^^
UnboundLocalError: cannot access local variable 'run_input' where it is not associated with a value

[2026-04-23T10:56:25.438021+00:00] reddit: scraping with terms=['Aza Fashions', 'AzaFashions', 'azafashions.com'] via Apify
[2026-04-23T10:57:37.615080+00:00] reddit: scraped 0 raw items
[2026-04-23T10:57:37.615231+00:00] reddit: 0 items after filter
[2026-04-23T10:57:37.618034+00:00] aggregate: index.json written
[2026-04-23T13:49:31.413482+00:00] tiktok: scraping via Apify
[2026-04-23T13:49:31.413543+00:00] tiktok: FAILED — name 'handles' is not defined
[2026-04-23T13:49:31.413752+00:00] instagram: scraping https://www.instagram.com/azafashions/ via Apify
[2026-04-23T13:50:07.485399+00:00] instagram: scraped 0 items
[2026-04-23T13:50:07.485548+00:00] facebook: scraping https://www.facebook.com/AzaFashions/ via Apify
[2026-04-23T13:50:23.725511+00:00] facebook: FAILED — cannot access local variable 'run_input' where it is not associated with a value
Traceback (most recent call last):
  File "/home/runner/work/listenv1/listenv1/run.py", line 38, in run_platform
    items = runner(url_or_terms)
            ^^^^^^^^^^^^^^^^^^^^
  File "/home/runner/work/listenv1/listenv1/scrapers/facebook.py", line 83, in run_sync
    return _scrape_comments_for_posts(client, urls, handle)
           ^^^^^^^^^^^^^^^^^^^^^^^^^^^^^^^^^^^^^^^^^^^^^^^^
  File "/home/runner/work/listenv1/listenv1/scrapers/facebook.py", line 46, in _scrape_comments_for_posts
    run_input=run_input, timeout_secs=TIMEOUT_SECS
              ^^^^^^^^^
UnboundLocalError: cannot access local variable 'run_input' where it is not associated with a value

[2026-04-23T13:50:23.725647+00:00] reddit: scraping with terms=['Aza Fashions', 'AzaFashions', 'azafashions.com'] via Apify
[2026-04-23T13:51:28.577657+00:00] reddit: scraped 0 raw items
[2026-04-23T13:51:28.577782+00:00] reddit: 0 items after filter
[2026-04-23T13:51:28.580122+00:00] aggregate: index.json written
